  strings-extractor.cpp
C:\vcpkg\installed\x64-windows\include\LIEF\PE\ResourcesManager.hpp(72,15): warning C4267: 'return': conversion from 'size_t' to 'uint32_t', possible loss of data
  (compiling source file 'strings-extractor.cpp')
  
C:\vcpkg\installed\x64-windows\include\LIEF\PE\LoadConfigurations\LoadConfiguration.hpp(178,12): warning C4244: 'return': conversion from 'const uint64_t' to 'uint32_t', possible loss of data
  (compiling source file 'strings-extractor.cpp')
  
libcpmtd.lib(xlocale.obj) : error LNK2001: unresolved external symbol _calloc_dbg
strings-extractor.obj : error LNK2001: unresolved external symbol _calloc_dbg
libcpmtd.lib(_tolower.obj) : error LNK2001: unresolved external symbol _calloc_dbg
libcpmtd.lib(locale.obj) : error LNK2001: unresolved external symbol _calloc_dbg
libcpmtd.lib(wlocale.obj) : error LNK2001: unresolved external symbol _calloc_dbg
libcpmtd.lib(xlocale.obj) : error LNK2001: unresolved external symbol _free_dbg
libcpmtd.lib(xwcsxfrm.obj) : error LNK2001: unresolved external symbol _free_dbg
libcpmtd.lib(StlCompareStringA.obj) : error LNK2001: unresolved external symbol _free_dbg
libcpmtd.lib(cerr.obj) : error LNK2001: unresolved external symbol _free_dbg
libcpmtd.lib(locale.obj) : error LNK2001: unresolved external symbol _free_dbg
libcpmtd.lib(StlLCMapStringA.obj) : error LNK2001: unresolved external symbol _free_dbg
libcpmtd.lib(wlocale.obj) : error LNK2001: unresolved external symbol _free_dbg
strings-extractor.obj : error LNK2001: unresolved external symbol _free_dbg
libcpmtd.lib(locale0.obj) : error LNK2001: unresolved external symbol _free_dbg
libcpmtd.lib(cin.obj) : error LNK2001: unresolved external symbol _free_dbg
libcpmtd.lib(cout.obj) : error LNK2001: unresolved external symbol _free_dbg
libcpmtd.lib(xlocale.obj) : error LNK2001: unresolved external symbol _malloc_dbg
libcpmtd.lib(xwcsxfrm.obj) : error LNK2001: unresolved external symbol _malloc_dbg
libcpmtd.lib(StlCompareStringA.obj) : error LNK2001: unresolved external symbol _malloc_dbg
libcpmtd.lib(cerr.obj) : error LNK2001: unresolved external symbol _malloc_dbg
libcpmtd.lib(locale.obj) : error LNK2001: unresolved external symbol _malloc_dbg
libcpmtd.lib(StlLCMapStringA.obj) : error LNK2001: unresolved external symbol _malloc_dbg
libcpmtd.lib(wlocale.obj) : error LNK2001: unresolved external symbol _malloc_dbg
strings-extractor.obj : error LNK2001: unresolved external symbol _malloc_dbg
libcpmtd.lib(locale0.obj) : error LNK2001: unresolved external symbol _malloc_dbg
libcpmtd.lib(cin.obj) : error LNK2001: unresolved external symbol _malloc_dbg
libcpmtd.lib(cout.obj) : error LNK2001: unresolved external symbol _malloc_dbg
libcpmtd.lib(locale.obj) : error LNK2001: unresolved external symbol _CrtDbgReport
libcpmtd.lib(wlocale.obj) : error LNK2001: unresolved external symbol _CrtDbgReport
libcpmtd.lib(xlocale.obj) : error LNK2001: unresolved external symbol _CrtDbgReport
strings-extractor.obj : error LNK2001: unresolved external symbol _CrtDbgReport
libcpmtd.lib(cin.obj) : error LNK2001: unresolved external symbol _CrtDbgReport
libcpmtd.lib(cout.obj) : error LNK2001: unresolved external symbol _CrtDbgReport
libcpmtd.lib(cerr.obj) : error LNK2001: unresolved external symbol _CrtDbgReport
libcpmtd.lib(_tolower.obj) : error LNK2019: unresolved external symbol _wcsdup_dbg referenced in function _Getctype
libcpmtd.lib(xstrcoll.obj) : error LNK2001: unresolved external symbol _wcsdup_dbg
libcpmtd.lib(locale.obj) : error LNK2019: unresolved external symbol _realloc_dbg referenced in function "private: static void __cdecl std::locale::_Locimp::_Locimp_Addfac(class std::locale::_Locimp *,class std::locale::facet *,unsigned __int64)" (?_Locimp_Addfac@_Locimp@locale@std@@CAXPEAV123@PEAVfacet@23@_K@Z)
libcpmtd.lib(StlLCMapStringA.obj) : error LNK2019: unresolved external symbol _CrtDbgReportW referenced in function _freea_crt
libcpmtd.lib(xmbtowc.obj) : error LNK2001: unresolved external symbol _CrtDbgReportW
libcpmtd.lib(StlCompareStringA.obj) : error LNK2001: unresolved external symbol _CrtDbgReportW
C:\Users\User\source\repos\strings-extractor\x64\Debug\strings-extractor.exe : fatal error LNK1120: 7 unresolved externals
